# JRE version: Java(TM) SE Runtime Environment (8.0_202-b08) (build 1.8.0_202-b08)
# Java VM: Java HotSpot(TM) 64-Bit Server VM (25.202-b08 mixed mode windows-amd64 compressed oops)
Heap:
 PSYoungGen      total 268800K, used 460K [0x00000000eab00000, 0x00000000fbc00000, 0x0000000100000000)
  eden space 258048K, 0% used [0x00000000eab00000,0x00000000eab732c8,0x00000000fa700000)
  from space 10752K, 0% used [0x00000000fb180000,0x00000000fb180000,0x00000000fbc00000)
  to   space 10752K, 0% used [0x00000000fa700000,0x00000000fa700000,0x00000000fb180000)
 ParOldGen       total 172032K, used 72452K [0x00000000c0000000, 0x00000000ca800000, 0x00000000eab00000)
  object space 172032K, 42% used [0x00000000c0000000,0x00000000c46c1198,0x00000000ca800000)
 Metaspace       used 14160K, capacity 14812K, committed 15104K, reserved 1062912K
  class space    used 2119K, capacity 2293K, committed 2304K, reserved 1048576K
GC Heap History (10 events):
Event: 9.287 GC heap before
{Heap before GC invocations=37 (full 17):
 PSYoungGen      total 268800K, used 160K [0x00000000eab00000, 0x00000000fbc00000, 0x0000000100000000)
  eden space 258048K, 0% used [0x00000000eab00000,0x00000000eab00000,0x00000000fa700000)
  from space 10752K, 1% used [0x00000000fb180000,0x00000000fb1a8000,0x00000000fbc00000)
  to   space 10752K, 0% used [0x00000000fa700000,0x00000000fa700000,0x00000000fb180000)
 ParOldGen       total 172032K, used 72455K [0x00000000c0000000, 0x00000000ca800000, 0x00000000eab00000)
  object space 172032K, 42% used [0x00000000c0000000,0x00000000c46c1e78,0x00000000ca800000)
 Metaspace       used 14160K, capacity 14812K, committed 15104K, reserved 1062912K
  class space    used 2119K, capacity 2293K, committed 2304K, reserved 1048576K
Event: 9.383 GC heap after
Heap after GC invocations=37 (full 17):
 PSYoungGen      total 268800K, used 0K [0x00000000eab00000, 0x00000000fbc00000, 0x0000000100000000)
  eden space 258048K, 0% used [0x00000000eab00000,0x00000000eab00000,0x00000000fa700000)
  from space 10752K, 0% used [0x00000000fb180000,0x00000000fb180000,0x00000000fbc00000)
  to   space 10752K, 0% used [0x00000000fa700000,0x00000000fa700000,0x00000000fb180000)
 ParOldGen       total 172032K, used 72452K [0x00000000c0000000, 0x00000000ca800000, 0x00000000eab00000)
  object space 172032K, 42% used [0x00000000c0000000,0x00000000c46c11a8,0x00000000ca800000)
 Metaspace       used 14160K, capacity 14812K, committed 15104K, reserved 1062912K
  class space    used 2119K, capacity 2293K, committed 2304K, reserved 1048576K
}
Event: 9.807 GC heap before
{Heap before GC invocations=38 (full 17):
 PSYoungGen      total 268800K, used 460K [0x00000000eab00000, 0x00000000fbc00000, 0x0000000100000000)
  eden space 258048K, 0% used [0x00000000eab00000,0x00000000eab732c8,0x00000000fa700000)
  from space 10752K, 0% used [0x00000000fb180000,0x00000000fb180000,0x00000000fbc00000)
  to   space 10752K, 0% used [0x00000000fa700000,0x00000000fa700000,0x00000000fb180000)
 ParOldGen       total 172032K, used 72452K [0x00000000c0000000, 0x00000000ca800000, 0x00000000eab00000)
  object space 172032K, 42% used [0x00000000c0000000,0x00000000c46c11a8,0x00000000ca800000)
 Metaspace       used 14160K, capacity 14812K, committed 15104K, reserved 1062912K
  class space    used 2119K, capacity 2293K, committed 2304K, reserved 1048576K
Event: 9.808 GC heap after
Heap after GC invocations=38 (full 17):
 PSYoungGen      total 268800K, used 64K [0x00000000eab00000, 0x00000000fbc00000, 0x0000000100000000)
  eden space 258048K, 0% used [0x00000000eab00000,0x00000000eab00000,0x00000000fa700000)
  from space 10752K, 0% used [0x00000000fa700000,0x00000000fa710000,0x00000000fb180000)
  to   space 10752K, 0% used [0x00000000fb180000,0x00000000fb180000,0x00000000fbc00000)
 ParOldGen       total 172032K, used 72452K [0x00000000c0000000, 0x00000000ca800000, 0x00000000eab00000)
  object space 172032K, 42% used [0x00000000c0000000,0x00000000c46c11a8,0x00000000ca800000)
 Metaspace       used 14160K, capacity 14812K, committed 15104K, reserved 1062912K
  class space    used 2119K, capacity 2293K, committed 2304K, reserved 1048576K
}
Event: 9.808 GC heap before
{Heap before GC invocations=39 (full 18):
 PSYoungGen      total 268800K, used 64K [0x00000000eab00000, 0x00000000fbc00000, 0x0000000100000000)
  eden space 258048K, 0% used [0x00000000eab00000,0x00000000eab00000,0x00000000fa700000)
  from space 10752K, 0% used [0x00000000fa700000,0x00000000fa710000,0x00000000fb180000)
  to   space 10752K, 0% used [0x00000000fb180000,0x00000000fb180000,0x00000000fbc00000)
 ParOldGen       total 172032K, used 72452K [0x00000000c0000000, 0x00000000ca800000, 0x00000000eab00000)
  object space 172032K, 42% used [0x00000000c0000000,0x00000000c46c11a8,0x00000000ca800000)
 Metaspace       used 14160K, capacity 14812K, committed 15104K, reserved 1062912K
  class space    used 2119K, capacity 2293K, committed 2304K, reserved 1048576K
Event: 9.882 GC heap after
Heap after GC invocations=39 (full 18):
 PSYoungGen      total 268800K, used 0K [0x00000000eab00000, 0x00000000fbc00000, 0x0000000100000000)
  eden space 258048K, 0% used [0x00000000eab00000,0x00000000eab00000,0x00000000fa700000)
  from space 10752K, 0% used [0x00000000fa700000,0x00000000fa700000,0x00000000fb180000)
  to   space 10752K, 0% used [0x00000000fb180000,0x00000000fb180000,0x00000000fbc00000)
 ParOldGen       total 172032K, used 72452K [0x00000000c0000000, 0x00000000ca800000, 0x00000000eab00000)
  object space 172032K, 42% used [0x00000000c0000000,0x00000000c46c11a8,0x00000000ca800000)
 Metaspace       used 14160K, capacity 14812K, committed 15104K, reserved 1062912K
  class space    used 2119K, capacity 2293K, committed 2304K, reserved 1048576K
}
Event: 56.592 GC heap before
{Heap before GC invocations=40 (full 18):
 PSYoungGen      total 268800K, used 460K [0x00000000eab00000, 0x00000000fbc00000, 0x0000000100000000)
  eden space 258048K, 0% used [0x00000000eab00000,0x00000000eab732c8,0x00000000fa700000)
  from space 10752K, 0% used [0x00000000fa700000,0x00000000fa700000,0x00000000fb180000)
  to   space 10752K, 0% used [0x00000000fb180000,0x00000000fb180000,0x00000000fbc00000)
 ParOldGen       total 172032K, used 72452K [0x00000000c0000000, 0x00000000ca800000, 0x00000000eab00000)
  object space 172032K, 42% used [0x00000000c0000000,0x00000000c46c11a8,0x00000000ca800000)
 Metaspace       used 14160K, capacity 14812K, committed 15104K, reserved 1062912K
  class space    used 2119K, capacity 2293K, committed 2304K, reserved 1048576K
Event: 56.593 GC heap after
Heap after GC invocations=40 (full 18):
 PSYoungGen      total 268800K, used 64K [0x00000000eab00000, 0x00000000fbc00000, 0x0000000100000000)
  eden space 258048K, 0% used [0x00000000eab00000,0x00000000eab00000,0x00000000fa700000)
  from space 10752K, 0% used [0x00000000fb180000,0x00000000fb190000,0x00000000fbc00000)
  to   space 10752K, 0% used [0x00000000fa700000,0x00000000fa700000,0x00000000fb180000)
 ParOldGen       total 172032K, used 72452K [0x00000000c0000000, 0x00000000ca800000, 0x00000000eab00000)
  object space 172032K, 42% used [0x00000000c0000000,0x00000000c46c11a8,0x00000000ca800000)
 Metaspace       used 14160K, capacity 14812K, committed 15104K, reserved 1062912K
  class space    used 2119K, capacity 2293K, committed 2304K, reserved 1048576K
}
Event: 56.593 GC heap before
{Heap before GC invocations=41 (full 19):
 PSYoungGen      total 268800K, used 64K [0x00000000eab00000, 0x00000000fbc00000, 0x0000000100000000)
  eden space 258048K, 0% used [0x00000000eab00000,0x00000000eab00000,0x00000000fa700000)
  from space 10752K, 0% used [0x00000000fb180000,0x00000000fb190000,0x00000000fbc00000)
  to   space 10752K, 0% used [0x00000000fa700000,0x00000000fa700000,0x00000000fb180000)
 ParOldGen       total 172032K, used 72452K [0x00000000c0000000, 0x00000000ca800000, 0x00000000eab00000)
  object space 172032K, 42% used [0x00000000c0000000,0x00000000c46c11a8,0x00000000ca800000)
 Metaspace       used 14160K, capacity 14812K, committed 15104K, reserved 1062912K
  class space    used 2119K, capacity 2293K, committed 2304K, reserved 1048576K
Event: 56.674 GC heap after
Heap after GC invocations=41 (full 19):
 PSYoungGen      total 268800K, used 0K [0x00000000eab00000, 0x00000000fbc00000, 0x0000000100000000)
  eden space 258048K, 0% used [0x00000000eab00000,0x00000000eab00000,0x00000000fa700000)
  from space 10752K, 0% used [0x00000000fb180000,0x00000000fb180000,0x00000000fbc00000)
  to   space 10752K, 0% used [0x00000000fa700000,0x00000000fa700000,0x00000000fb180000)
 ParOldGen       total 172032K, used 72452K [0x00000000c0000000, 0x00000000ca800000, 0x00000000eab00000)
  object space 172032K, 42% used [0x00000000c0000000,0x00000000c46c1198,0x00000000ca800000)
 Metaspace       used 14160K, capacity 14812K, committed 15104K, reserved 1062912K
  class space    used 2119K, capacity 2293K, committed 2304K, reserved 1048576K
}

